ERROR @ (375): ((kk++))
BASH_COMMAND="((kk++))"
FUNCNAME=([0]="_timep_DEBUG_PRINTVARS" [1]="timep")
REPLY=$'1\t1753046295290115\t738\t-\t-\tF:0 main\tS:1 747095\tN:104 {0-747095}.91{0-747189}\t119\t::\t\'<< (SUBSHELL): 747189 >>\''
a="2793235.64"
a0="64"
b="279323564"
kk="1"
nn=""
timep_CLOCK_GETTIME_FLAG="true"
timep_CPU_TIME_MULT="10000"
timep_CTIME_CORRECTION="15"
timep_DEBUG_FLAG="false"
timep_DEBUG_IDS_FLAG="false"
timep_FD0="10"
timep_FD1="11"
timep_FD2="12"
timep_PPID="747002"
timep_PTY_FD_TEST="14"
timep_PTY_FLAG="true"
timep_PTY_PATH="/dev/pts/5"
timep_TMPDIR="/dev/shm/.timep/timep.0DE44A2B"
timep_WTIME_CORRECTION="15"
timep_WTIME_DONE="1753046295313916"
timep_deleteFlag="true"
timep_flameGraphFlag="false"
timep_noOutFlag="false"
timep_outType=" p "
timep_outTypeA=([0]="p")
timep_timeFlag="false"

DETECTED 28 CPUs




PROCESSING NESTING LVL 4 (1 LOGS) -- USING 1 WORKERS (MAX: 14)
ERROR @ (470): read -r -u "${fd_sleep}" -t 0.01 _
BASH_COMMAND="read -r -u \"\${fd_sleep}\" -t 0.01 _"
FUNCNAME=([0]="_timep_DEBUG_PRINTVARS" [1]="timep")
REPLY=$'1\t1753046295290115\t738\t-\t-\tF:0 main\tS:1 747095\tN:104 {0-747095}.91{0-747189}\t119\t::\t\'<< (SUBSHELL): 747189 >>\''
a="2793235.64"
a0="64"
b="279323564"
jj="0"
kk="64"
kkNeed=([0]="0" [1]="1" [2]="2" [3]="3" [4]="4" [5]="5" [6]="6" [7]="7" [8]="8" [9]="9" [10]="10" [11]="11" [12]="12" [13]="13" [14]="14" [15]="15" [16]="16" [17]="17" [18]="18" [19]="19" [20]="20" [21]="21" [22]="22" [23]="23" [24]="24" [25]="25" [26]="26" [27]="27" [28]="28" [29]="29" [30]="30" [31]="31" [32]="32" [33]="33" [34]="34" [35]="35" [36]="36" [37]="37" [38]="38" [39]="39" [40]="40" [41]="41" [42]="42" [43]="43" [44]="44" [45]="45" [46]="46" [47]="47" [48]="48" [49]="49" [50]="50" [51]="51" [52]="52" [53]="53" [54]="54" [55]="55" [56]="56" [57]="57" [58]="58" [59]="59" [60]="60" [61]="61" [62]="62" [63]="63" [64]="64")
nCPU="28"
nWorker="1"
nWorkerMax="14"
nn=""
pAll_PID=([0]="747334")
timep_CLOCK_GETTIME_FLAG="true"
timep_CPU_TIME_MULT="10000"
timep_CTIME_CORRECTION="15"
timep_DEBUG_FLAG="false"
timep_DEBUG_IDS_FLAG="false"
timep_FD0="10"
timep_FD1="11"
timep_FD2="12"
timep_LOG_NESTING_MAX="4"
timep_LOG_NUM="65"
timep_PPID="747002"
timep_PTY_FD_TEST="14"
timep_PTY_FLAG="true"
timep_PTY_PATH="/dev/pts/5"
timep_TMPDIR="/dev/shm/.timep/timep.0DE44A2B"
timep_WTIME_CORRECTION="15"
timep_WTIME_DONE="1753046295313916"
timep_coprocSrc=$'declare logID\n    failFlag=false\nshopt -s extglob\ntrap \'${failFlag} && printf \'"\'"\'\\n\'"\'"\' >&${timep_fd_done}\'  EXIT\nwhile true; do\n    read -r -u "${timep_fd_lock}" _\n    read -r -u "${timep_fd_logID}" logID\n    printf \'\\n\' >&${timep_fd_lock}\n    [[ ${logID} ]] || break\n    if [[ "${logID}" == \':\'* ]]; then\n         timep_POSTPROC_DEBUG_FLAG=true _timep_PROCESS_LOG "${timep_LOG_NAME[${logID#\\:}]}" 2>&${timep_FD2} || { failFlag=true; exit 1; }\n    else\n        _timep_PROCESS_LOG "${timep_LOG_NAME[$logID]}" 2>&${timep_FD2} || { failFlag=true; exit 1; }\n    fi\n    printf \'%s\\n\' "${logID}" >&${timep_fd_done}\ndone\ntrap - EXIT'
timep_deleteFlag="true"
timep_fd_done="15"
timep_fd_lock="16"
timep_fd_logID="14"
timep_flameGraphFlag="false"
timep_noOutFlag="false"
timep_outType=" p "
timep_outTypeA=([0]="p")
timep_timeFlag="false"
ERROR @ (481): ((jj++))
BASH_COMMAND="((jj++))"
FUNCNAME=([0]="_timep_DEBUG_PRINTVARS" [1]="timep")
REPLY=$'1\t1753046295290115\t738\t-\t-\tF:0 main\tS:1 747095\tN:104 {0-747095}.91{0-747189}\t119\t::\t\'<< (SUBSHELL): 747189 >>\''
a="2793235.64"
a0="64"
b="279323564"
jj="1"
kk="63"
kkNeed=([0]="0" [1]="1" [2]="2" [3]="3" [4]="4" [5]="5" [6]="6" [7]="7" [8]="8" [9]="9" [10]="10" [11]="11" [12]="12" [13]="13" [14]="14" [15]="15" [16]="16" [17]="17" [18]="18" [19]="19" [20]="20" [21]="21" [22]="22" [23]="23" [24]="24" [25]="25" [26]="26" [27]="27" [28]="28" [29]="29" [30]="30" [31]="31" [32]="32" [33]="33" [34]="34" [35]="35" [36]="36" [37]="37" [38]="38" [39]="39" [40]="40" [41]="41" [42]="42" [43]="43" [44]="44" [45]="45" [46]="46" [47]="47" [48]="48" [49]="49" [50]="50" [51]="51" [52]="52" [53]="53" [54]="54" [55]="55" [56]="56" [57]="57" [58]="58" [59]="59" [60]="60" [61]="61" [62]="62" [63]="63" [64]="64")
nCPU="28"
nRetry="0"
nWorker="1"
nWorkerMax="14"
nn=""
pAll_PID=([0]="747334")
timep_CLOCK_GETTIME_FLAG="true"
timep_CPU_TIME_MULT="10000"
timep_CTIME_CORRECTION="15"
timep_DEBUG_FLAG="false"
timep_DEBUG_IDS_FLAG="false"
timep_FD0="10"
timep_FD1="11"
timep_FD2="12"
timep_LOG_NESTING_MAX="4"
timep_LOG_NUM="65"
timep_PPID="747002"
timep_PTY_FD_TEST="14"
timep_PTY_FLAG="true"
timep_PTY_PATH="/dev/pts/5"
timep_TMPDIR="/dev/shm/.timep/timep.0DE44A2B"
timep_WTIME_CORRECTION="15"
timep_WTIME_DONE="1753046295313916"
timep_coprocSrc=$'declare logID\n    failFlag=false\nshopt -s extglob\ntrap \'${failFlag} && printf \'"\'"\'\\n\'"\'"\' >&${timep_fd_done}\'  EXIT\nwhile true; do\n    read -r -u "${timep_fd_lock}" _\n    read -r -u "${timep_fd_logID}" logID\n    printf \'\\n\' >&${timep_fd_lock}\n    [[ ${logID} ]] || break\n    if [[ "${logID}" == \':\'* ]]; then\n         timep_POSTPROC_DEBUG_FLAG=true _timep_PROCESS_LOG "${timep_LOG_NAME[${logID#\\:}]}" 2>&${timep_FD2} || { failFlag=true; exit 1; }\n    else\n        _timep_PROCESS_LOG "${timep_LOG_NAME[$logID]}" 2>&${timep_FD2} || { failFlag=true; exit 1; }\n    fi\n    printf \'%s\\n\' "${logID}" >&${timep_fd_done}\ndone\ntrap - EXIT'
timep_deleteFlag="true"
timep_fd_done="15"
timep_fd_lock="16"
timep_fd_logID="14"
timep_flameGraphFlag="false"
timep_noOutFlag="false"
timep_outType=" p "
timep_outTypeA=([0]="p")
timep_timeFlag="false"
FINISHED PROCESSING TIMEP LOG #1 of 65ERROR @ (521): read -r -u "${fd_sleep}" -t 0.1 _
BASH_COMMAND="read -r -u \"\${fd_sleep}\" -t 0.1 _"
FUNCNAME=([0]="_timep_DEBUG_PRINTVARS" [1]="timep")
REPLY=$'1\t1753046295290115\t738\t-\t-\tF:0 main\tS:1 747095\tN:104 {0-747095}.91{0-747189}\t119\t::\t\'<< (SUBSHELL): 747189 >>\''
a="2793235.64"
a0="64"
b="279323564"
jj="1"
kk="63"
kkNeed=([0]="0" [1]="1" [2]="2" [3]="3" [4]="4" [5]="5" [6]="6" [7]="7" [8]="8" [9]="9" [10]="10" [11]="11" [12]="12" [13]="13" [14]="14" [15]="15" [16]="16" [17]="17" [18]="18" [19]="19" [20]="20" [21]="21" [22]="22" [23]="23" [24]="24" [25]="25" [26]="26" [27]="27" [28]="28" [29]="29" [30]="30" [31]="31" [32]="32" [33]="33" [34]="34" [35]="35" [36]="36" [37]="37" [38]="38" [39]="39" [40]="40" [41]="41" [42]="42" [43]="43" [44]="44" [45]="45" [46]="46" [47]="47" [48]="48" [49]="49" [50]="50" [51]="51" [52]="52" [53]="53" [54]="54" [55]="55" [56]="56" [57]="57" [58]="58" [59]="59" [60]="60" [61]="61" [62]="62" [63]="63")
nCPU="28"
nRetry="0"
nWorker="1"
nWorkerMax="14"
nn=""
pAll_PID=([0]="747334")
timep_CLOCK_GETTIME_FLAG="true"
timep_CPU_TIME_MULT="10000"
timep_CTIME_CORRECTION="15"
timep_DEBUG_FLAG="false"
timep_DEBUG_IDS_FLAG="false"
timep_FD0="10"
timep_FD1="11"
timep_FD2="12"
timep_LOG_NESTING_MAX="4"
timep_LOG_NUM="65"
timep_PPID="747002"
timep_PTY_FD_TEST="14"
timep_PTY_FLAG="true"
timep_PTY_PATH="/dev/pts/5"
timep_TMPDIR="/dev/shm/.timep/timep.0DE44A2B"
timep_WTIME_CORRECTION="15"
timep_WTIME_DONE="1753046295313916"
timep_coprocSrc=$'declare logID\n    failFlag=false\nshopt -s extglob\ntrap \'${failFlag} && printf \'"\'"\'\\n\'"\'"\' >&${timep_fd_done}\'  EXIT\nwhile true; do\n    read -r -u "${timep_fd_lock}" _\n    read -r -u "${timep_fd_logID}" logID\n    printf \'\\n\' >&${timep_fd_lock}\n    [[ ${logID} ]] || break\n    if [[ "${logID}" == \':\'* ]]; then\n         timep_POSTPROC_DEBUG_FLAG=true _timep_PROCESS_LOG "${timep_LOG_NAME[${logID#\\:}]}" 2>&${timep_FD2} || { failFlag=true; exit 1; }\n    else\n        _timep_PROCESS_LOG "${timep_LOG_NAME[$logID]}" 2>&${timep_FD2} || { failFlag=true; exit 1; }\n    fi\n    printf \'%s\\n\' "${logID}" >&${timep_fd_done}\ndone\ntrap - EXIT'
timep_deleteFlag="true"
timep_fd_done="15"
timep_fd_lock="16"
timep_fd_logID="14"
timep_flameGraphFlag="false"
timep_noOutFlag="false"
timep_outType=" p "
timep_outTypeA=([0]="p")
timep_timeFlag="false"


PROCESSING NESTING LVL 3 (5 LOGS) -- USING 5 WORKERS (MAX: 14)
ERROR @ (470): read -r -u "${fd_sleep}" -t 0.01 _
BASH_COMMAND="read -r -u \"\${fd_sleep}\" -t 0.01 _"
FUNCNAME=([0]="_timep_DEBUG_PRINTVARS" [1]="timep")
REPLY=$'1\t1753046295290115\t738\t-\t-\tF:0 main\tS:1 747095\tN:104 {0-747095}.91{0-747189}\t119\t::\t\'<< (SUBSHELL): 747189 >>\''
a="2793235.64"
a0="64"
b="279323564"
jj="1"
kk="63"
kkNeed=([0]="0" [1]="1" [2]="2" [3]="3" [4]="4" [5]="5" [6]="6" [7]="7" [8]="8" [9]="9" [10]="10" [11]="11" [12]="12" [13]="13" [14]="14" [15]="15" [16]="16" [17]="17" [18]="18" [19]="19" [20]="20" [21]="21" [22]="22" [23]="23" [24]="24" [25]="25" [26]="26" [27]="27" [28]="28" [29]="29" [30]="30" [31]="31" [32]="32" [33]="33" [34]="34" [35]="35" [36]="36" [37]="37" [38]="38" [39]="39" [40]="40" [41]="41" [42]="42" [43]="43" [44]="44" [45]="45" [46]="46" [47]="47" [48]="48" [49]="49" [50]="50" [51]="51" [52]="52" [53]="53" [54]="54" [55]="55" [56]="56" [57]="57" [58]="58" [59]="59" [60]="60" [61]="61" [62]="62" [63]="63")
nCPU="28"
nRetry="0"
nWorker="5"
nWorkerMax="14"
nn=""
pAll_PID=([0]="747334" [1]="747353" [2]="747354" [3]="747355" [4]="747357")
timep_CLOCK_GETTIME_FLAG="true"
timep_CPU_TIME_MULT="10000"
timep_CTIME_CORRECTION="15"
timep_DEBUG_FLAG="false"
timep_DEBUG_IDS_FLAG="false"
timep_FD0="10"
timep_FD1="11"
timep_FD2="12"
timep_LOG_NESTING_MAX="4"
timep_LOG_NUM="65"
timep_PPID="747002"
timep_PTY_FD_TEST="14"
timep_PTY_FLAG="true"
timep_PTY_PATH="/dev/pts/5"
timep_TMPDIR="/dev/shm/.timep/timep.0DE44A2B"
timep_WTIME_CORRECTION="15"
timep_WTIME_DONE="1753046295313916"
timep_coprocSrc=$'declare logID\n    failFlag=false\nshopt -s extglob\ntrap \'${failFlag} && printf \'"\'"\'\\n\'"\'"\' >&${timep_fd_done}\'  EXIT\nwhile true; do\n    read -r -u "${timep_fd_lock}" _\n    read -r -u "${timep_fd_logID}" logID\n    printf \'\\n\' >&${timep_fd_lock}\n    [[ ${logID} ]] || break\n    if [[ "${logID}" == \':\'* ]]; then\n         timep_POSTPROC_DEBUG_FLAG=true _timep_PROCESS_LOG "${timep_LOG_NAME[${logID#\\:}]}" 2>&${timep_FD2} || { failFlag=true; exit 1; }\n    else\n        _timep_PROCESS_LOG "${timep_LOG_NAME[$logID]}" 2>&${timep_FD2} || { failFlag=true; exit 1; }\n    fi\n    printf \'%s\\n\' "${logID}" >&${timep_fd_done}\ndone\ntrap - EXIT'
timep_deleteFlag="true"
timep_fd_done="15"
timep_fd_lock="16"
timep_fd_logID="14"
timep_flameGraphFlag="false"
timep_noOutFlag="false"
timep_outType=" p "
timep_outTypeA=([0]="p")
timep_timeFlag="false"
FINISHED PROCESSING TIMEP LOG #6 of 65ERROR @ (521): read -r -u "${fd_sleep}" -t 0.1 _
BASH_COMMAND="read -r -u \"\${fd_sleep}\" -t 0.1 _"
FUNCNAME=([0]="_timep_DEBUG_PRINTVARS" [1]="timep")
REPLY=$'1\t1753046295290115\t738\t-\t-\tF:0 main\tS:1 747095\tN:104 {0-747095}.91{0-747189}\t119\t::\t\'<< (SUBSHELL): 747189 >>\''
a="2793235.64"
a0="64"
b="279323564"
jj="6"
kk="58"
kkNeed=([0]="0" [1]="1" [2]="2" [3]="3" [4]="4" [5]="5" [6]="6" [7]="7" [8]="8" [9]="9" [10]="10" [11]="11" [12]="12" [13]="13" [14]="14" [15]="15" [16]="16" [17]="17" [18]="18" [19]="19" [20]="20" [21]="21" [22]="22" [23]="23" [24]="24" [25]="25" [26]="26" [27]="27" [28]="28" [29]="29" [30]="30" [31]="31" [32]="32" [33]="33" [34]="34" [35]="35" [36]="36" [37]="37" [38]="38" [39]="39" [40]="40" [41]="41" [42]="42" [43]="43" [44]="44" [45]="45" [46]="46" [47]="47" [48]="48" [49]="49" [50]="50" [51]="51" [52]="52" [53]="53" [54]="54" [55]="55" [56]="56" [57]="57" [58]="58")
nCPU="28"
nRetry="0"
nWorker="5"
nWorkerMax="14"
nn=""
pAll_PID=([0]="747334" [1]="747353" [2]="747354" [3]="747355" [4]="747357")
timep_CLOCK_GETTIME_FLAG="true"
timep_CPU_TIME_MULT="10000"
timep_CTIME_CORRECTION="15"
timep_DEBUG_FLAG="false"
timep_DEBUG_IDS_FLAG="false"
timep_FD0="10"
timep_FD1="11"
timep_FD2="12"
timep_LOG_NESTING_MAX="4"
timep_LOG_NUM="65"
timep_PPID="747002"
timep_PTY_FD_TEST="14"
timep_PTY_FLAG="true"
timep_PTY_PATH="/dev/pts/5"
timep_TMPDIR="/dev/shm/.timep/timep.0DE44A2B"
timep_WTIME_CORRECTION="15"
timep_WTIME_DONE="1753046295313916"
timep_coprocSrc=$'declare logID\n    failFlag=false\nshopt -s extglob\ntrap \'${failFlag} && printf \'"\'"\'\\n\'"\'"\' >&${timep_fd_done}\'  EXIT\nwhile true; do\n    read -r -u "${timep_fd_lock}" _\n    read -r -u "${timep_fd_logID}" logID\n    printf \'\\n\' >&${timep_fd_lock}\n    [[ ${logID} ]] || break\n    if [[ "${logID}" == \':\'* ]]; then\n         timep_POSTPROC_DEBUG_FLAG=true _timep_PROCESS_LOG "${timep_LOG_NAME[${logID#\\:}]}" 2>&${timep_FD2} || { failFlag=true; exit 1; }\n    else\n        _timep_PROCESS_LOG "${timep_LOG_NAME[$logID]}" 2>&${timep_FD2} || { failFlag=true; exit 1; }\n    fi\n    printf \'%s\\n\' "${logID}" >&${timep_fd_done}\ndone\ntrap - EXIT'
timep_deleteFlag="true"
timep_fd_done="15"
timep_fd_lock="16"
timep_fd_logID="14"
timep_flameGraphFlag="false"
timep_noOutFlag="false"
timep_outType=" p "
timep_outTypeA=([0]="p")
timep_timeFlag="false"


PROCESSING NESTING LVL 2 (10 LOGS) -- USING 10 WORKERS (MAX: 14)
ERROR @ (470): read -r -u "${fd_sleep}" -t 0.01 _
BASH_COMMAND="read -r -u \"\${fd_sleep}\" -t 0.01 _"
FUNCNAME=([0]="_timep_DEBUG_PRINTVARS" [1]="timep")
REPLY=$'1\t1753046295290115\t738\t-\t-\tF:0 main\tS:1 747095\tN:104 {0-747095}.91{0-747189}\t119\t::\t\'<< (SUBSHELL): 747189 >>\''
a="2793235.64"
a0="64"
b="279323564"
jj="6"
kk="58"
kkNeed=([0]="0" [1]="1" [2]="2" [3]="3" [4]="4" [5]="5" [6]="6" [7]="7" [8]="8" [9]="9" [10]="10" [11]="11" [12]="12" [13]="13" [14]="14" [15]="15" [16]="16" [17]="17" [18]="18" [19]="19" [20]="20" [21]="21" [22]="22" [23]="23" [24]="24" [25]="25" [26]="26" [27]="27" [28]="28" [29]="29" [30]="30" [31]="31" [32]="32" [33]="33" [34]="34" [35]="35" [36]="36" [37]="37" [38]="38" [39]="39" [40]="40" [41]="41" [42]="42" [43]="43" [44]="44" [45]="45" [46]="46" [47]="47" [48]="48" [49]="49" [50]="50" [51]="51" [52]="52" [53]="53" [54]="54" [55]="55" [56]="56" [57]="57" [58]="58")
nCPU="28"
nRetry="0"
nWorker="10"
nWorkerMax="14"
nn=""
pAll_PID=([0]="747334" [1]="747353" [2]="747354" [3]="747355" [4]="747357" [5]="747419" [6]="747420" [7]="747425" [8]="747428" [9]="747429")
timep_CLOCK_GETTIME_FLAG="true"
timep_CPU_TIME_MULT="10000"
timep_CTIME_CORRECTION="15"
timep_DEBUG_FLAG="false"
timep_DEBUG_IDS_FLAG="false"
timep_FD0="10"
timep_FD1="11"
timep_FD2="12"
timep_LOG_NESTING_MAX="4"
timep_LOG_NUM="65"
timep_PPID="747002"
timep_PTY_FD_TEST="14"
timep_PTY_FLAG="true"
timep_PTY_PATH="/dev/pts/5"
timep_TMPDIR="/dev/shm/.timep/timep.0DE44A2B"
timep_WTIME_CORRECTION="15"
timep_WTIME_DONE="1753046295313916"
timep_coprocSrc=$'declare logID\n    failFlag=false\nshopt -s extglob\ntrap \'${failFlag} && printf \'"\'"\'\\n\'"\'"\' >&${timep_fd_done}\'  EXIT\nwhile true; do\n    read -r -u "${timep_fd_lock}" _\n    read -r -u "${timep_fd_logID}" logID\n    printf \'\\n\' >&${timep_fd_lock}\n    [[ ${logID} ]] || break\n    if [[ "${logID}" == \':\'* ]]; then\n         timep_POSTPROC_DEBUG_FLAG=true _timep_PROCESS_LOG "${timep_LOG_NAME[${logID#\\:}]}" 2>&${timep_FD2} || { failFlag=true; exit 1; }\n    else\n        _timep_PROCESS_LOG "${timep_LOG_NAME[$logID]}" 2>&${timep_FD2} || { failFlag=true; exit 1; }\n    fi\n    printf \'%s\\n\' "${logID}" >&${timep_fd_done}\ndone\ntrap - EXIT'
timep_deleteFlag="true"
timep_fd_done="15"
timep_fd_lock="16"
timep_fd_logID="14"
timep_flameGraphFlag="false"
timep_noOutFlag="false"
timep_outType=" p "
timep_outTypeA=([0]="p")
timep_timeFlag="false"
FINISHED PROCESSING TIMEP LOG #16 of 65ERROR @ (521): read -r -u "${fd_sleep}" -t 0.1 _
BASH_COMMAND="read -r -u \"\${fd_sleep}\" -t 0.1 _"
FUNCNAME=([0]="_timep_DEBUG_PRINTVARS" [1]="timep")
REPLY=$'1\t1753046295290115\t738\t-\t-\tF:0 main\tS:1 747095\tN:104 {0-747095}.91{0-747189}\t119\t::\t\'<< (SUBSHELL): 747189 >>\''
a="2793235.64"
a0="64"
b="279323564"
jj="16"
kk="48"
kkNeed=([0]="0" [1]="1" [2]="2" [3]="3" [4]="4" [5]="5" [6]="6" [7]="7" [8]="8" [9]="9" [10]="10" [11]="11" [12]="12" [13]="13" [14]="14" [15]="15" [16]="16" [17]="17" [18]="18" [19]="19" [20]="20" [21]="21" [22]="22" [23]="23" [24]="24" [25]="25" [26]="26" [27]="27" [28]="28" [29]="29" [30]="30" [31]="31" [32]="32" [33]="33" [34]="34" [35]="35" [36]="36" [37]="37" [38]="38" [39]="39" [40]="40" [41]="41" [42]="42" [43]="43" [44]="44" [45]="45" [46]="46" [47]="47" [48]="48")
nCPU="28"
nRetry="0"
nWorker="10"
nWorkerMax="14"
nn=""
pAll_PID=([0]="747334" [1]="747353" [2]="747354" [3]="747355" [4]="747357" [5]="747419" [6]="747420" [7]="747425" [8]="747428" [9]="747429")
timep_CLOCK_GETTIME_FLAG="true"
timep_CPU_TIME_MULT="10000"
timep_CTIME_CORRECTION="15"
timep_DEBUG_FLAG="false"
timep_DEBUG_IDS_FLAG="false"
timep_FD0="10"
timep_FD1="11"
timep_FD2="12"
timep_LOG_NESTING_MAX="4"
timep_LOG_NUM="65"
timep_PPID="747002"
timep_PTY_FD_TEST="14"
timep_PTY_FLAG="true"
timep_PTY_PATH="/dev/pts/5"
timep_TMPDIR="/dev/shm/.timep/timep.0DE44A2B"
timep_WTIME_CORRECTION="15"
timep_WTIME_DONE="1753046295313916"
timep_coprocSrc=$'declare logID\n    failFlag=false\nshopt -s extglob\ntrap \'${failFlag} && printf \'"\'"\'\\n\'"\'"\' >&${timep_fd_done}\'  EXIT\nwhile true; do\n    read -r -u "${timep_fd_lock}" _\n    read -r -u "${timep_fd_logID}" logID\n    printf \'\\n\' >&${timep_fd_lock}\n    [[ ${logID} ]] || break\n    if [[ "${logID}" == \':\'* ]]; then\n         timep_POSTPROC_DEBUG_FLAG=true _timep_PROCESS_LOG "${timep_LOG_NAME[${logID#\\:}]}" 2>&${timep_FD2} || { failFlag=true; exit 1; }\n    else\n        _timep_PROCESS_LOG "${timep_LOG_NAME[$logID]}" 2>&${timep_FD2} || { failFlag=true; exit 1; }\n    fi\n    printf \'%s\\n\' "${logID}" >&${timep_fd_done}\ndone\ntrap - EXIT'
timep_deleteFlag="true"
timep_fd_done="15"
timep_fd_lock="16"
timep_fd_logID="14"
timep_flameGraphFlag="false"
timep_noOutFlag="false"
timep_outType=" p "
timep_outTypeA=([0]="p")
timep_timeFlag="false"


PROCESSING NESTING LVL 1 (48 LOGS) -- USING 14 WORKERS (MAX: 14)
ERROR @ (470): read -r -u "${fd_sleep}" -t 0.01 _
BASH_COMMAND="read -r -u \"\${fd_sleep}\" -t 0.01 _"
FUNCNAME=([0]="_timep_DEBUG_PRINTVARS" [1]="timep")
REPLY=$'1\t1753046295290115\t738\t-\t-\tF:0 main\tS:1 747095\tN:104 {0-747095}.91{0-747189}\t119\t::\t\'<< (SUBSHELL): 747189 >>\''
a="2793235.64"
a0="64"
b="279323564"
jj="16"
kk="48"
kkNeed=([0]="0" [1]="1" [2]="2" [3]="3" [4]="4" [5]="5" [6]="6" [7]="7" [8]="8" [9]="9" [10]="10" [11]="11" [12]="12" [13]="13" [14]="14" [15]="15" [16]="16" [17]="17" [18]="18" [19]="19" [20]="20" [21]="21" [22]="22" [23]="23" [24]="24" [25]="25" [26]="26" [27]="27" [28]="28" [29]="29" [30]="30" [31]="31" [32]="32" [33]="33" [34]="34" [35]="35" [36]="36" [37]="37" [38]="38" [39]="39" [40]="40" [41]="41" [42]="42" [43]="43" [44]="44" [45]="45" [46]="46" [47]="47" [48]="48")
nCPU="28"
nRetry="0"
nWorker="14"
nWorkerMax="14"
nn=""
pAll_PID=([0]="747334" [1]="747353" [2]="747354" [3]="747355" [4]="747357" [5]="747419" [6]="747420" [7]="747425" [8]="747428" [9]="747429" [10]="747536" [11]="747537" [12]="747539" [13]="747542")
timep_CLOCK_GETTIME_FLAG="true"
timep_CPU_TIME_MULT="10000"
timep_CTIME_CORRECTION="15"
timep_DEBUG_FLAG="false"
timep_DEBUG_IDS_FLAG="false"
timep_FD0="10"
timep_FD1="11"
timep_FD2="12"
timep_LOG_NESTING_MAX="4"
timep_LOG_NUM="65"
timep_PPID="747002"
timep_PTY_FD_TEST="14"
timep_PTY_FLAG="true"
timep_PTY_PATH="/dev/pts/5"
timep_TMPDIR="/dev/shm/.timep/timep.0DE44A2B"
timep_WTIME_CORRECTION="15"
timep_WTIME_DONE="1753046295313916"
timep_coprocSrc=$'declare logID\n    failFlag=false\nshopt -s extglob\ntrap \'${failFlag} && printf \'"\'"\'\\n\'"\'"\' >&${timep_fd_done}\'  EXIT\nwhile true; do\n    read -r -u "${timep_fd_lock}" _\n    read -r -u "${timep_fd_logID}" logID\n    printf \'\\n\' >&${timep_fd_lock}\n    [[ ${logID} ]] || break\n    if [[ "${logID}" == \':\'* ]]; then\n         timep_POSTPROC_DEBUG_FLAG=true _timep_PROCESS_LOG "${timep_LOG_NAME[${logID#\\:}]}" 2>&${timep_FD2} || { failFlag=true; exit 1; }\n    else\n        _timep_PROCESS_LOG "${timep_LOG_NAME[$logID]}" 2>&${timep_FD2} || { failFlag=true; exit 1; }\n    fi\n    printf \'%s\\n\' "${logID}" >&${timep_fd_done}\ndone\ntrap - EXIT'
timep_deleteFlag="true"
timep_fd_done="15"
timep_fd_lock="16"
timep_fd_logID="14"
timep_flameGraphFlag="false"
timep_noOutFlag="false"
timep_outType=" p "
timep_outTypeA=([0]="p")
timep_timeFlag="false"
FINISHED PROCESSING TIMEP LOG #64 of 65ERROR @ (521): read -r -u "${fd_sleep}" -t 0.1 _
BASH_COMMAND="read -r -u \"\${fd_sleep}\" -t 0.1 _"
FUNCNAME=([0]="_timep_DEBUG_PRINTVARS" [1]="timep")
REPLY=$'1\t1753046295290115\t738\t-\t-\tF:0 main\tS:1 747095\tN:104 {0-747095}.91{0-747189}\t119\t::\t\'<< (SUBSHELL): 747189 >>\''
a="2793235.64"
a0="64"
b="279323564"
jj="64"
kk="0"
kkNeed=([0]="0")
nCPU="28"
nRetry="0"
nWorker="14"
nWorkerMax="14"
nn=""
pAll_PID=([0]="747334" [1]="747353" [2]="747354" [3]="747355" [4]="747357" [5]="747419" [6]="747420" [7]="747425" [8]="747428" [9]="747429" [10]="747536" [11]="747537" [12]="747539" [13]="747542")
timep_CLOCK_GETTIME_FLAG="true"
timep_CPU_TIME_MULT="10000"
timep_CTIME_CORRECTION="15"
timep_DEBUG_FLAG="false"
timep_DEBUG_IDS_FLAG="false"
timep_FD0="10"
timep_FD1="11"
timep_FD2="12"
timep_LOG_NESTING_MAX="4"
timep_LOG_NUM="65"
timep_PPID="747002"
timep_PTY_FD_TEST="14"
timep_PTY_FLAG="true"
timep_PTY_PATH="/dev/pts/5"
timep_TMPDIR="/dev/shm/.timep/timep.0DE44A2B"
timep_WTIME_CORRECTION="15"
timep_WTIME_DONE="1753046295313916"
timep_coprocSrc=$'declare logID\n    failFlag=false\nshopt -s extglob\ntrap \'${failFlag} && printf \'"\'"\'\\n\'"\'"\' >&${timep_fd_done}\'  EXIT\nwhile true; do\n    read -r -u "${timep_fd_lock}" _\n    read -r -u "${timep_fd_logID}" logID\n    printf \'\\n\' >&${timep_fd_lock}\n    [[ ${logID} ]] || break\n    if [[ "${logID}" == \':\'* ]]; then\n         timep_POSTPROC_DEBUG_FLAG=true _timep_PROCESS_LOG "${timep_LOG_NAME[${logID#\\:}]}" 2>&${timep_FD2} || { failFlag=true; exit 1; }\n    else\n        _timep_PROCESS_LOG "${timep_LOG_NAME[$logID]}" 2>&${timep_FD2} || { failFlag=true; exit 1; }\n    fi\n    printf \'%s\\n\' "${logID}" >&${timep_fd_done}\ndone\ntrap - EXIT'
timep_deleteFlag="true"
timep_fd_done="15"
timep_fd_lock="16"
timep_fd_logID="14"
timep_flameGraphFlag="false"
timep_noOutFlag="false"
timep_outType=" p "
timep_outTypeA=([0]="p")
timep_timeFlag="false"


PROCESSING NESTING LVL 0 (1 LOGS) -- USING 1 WORKERS (MAX: 14)
ERROR @ (470): read -r -u "${fd_sleep}" -t 0.01 _
BASH_COMMAND="read -r -u \"\${fd_sleep}\" -t 0.01 _"
FUNCNAME=([0]="_timep_DEBUG_PRINTVARS" [1]="timep")
REPLY=$'1\t1753046295290115\t738\t-\t-\tF:0 main\tS:1 747095\tN:104 {0-747095}.91{0-747189}\t119\t::\t\'<< (SUBSHELL): 747189 >>\''
a="2793235.64"
a0="64"
b="27
